# Logfile created on 2014-10-27 23:48:46 -0400 by logger.rb/44203
I, [2014-10-27T23:48:46.215506 #3239]  INFO -- : 0:  builder (3.2.2) from /home/patty_rosembluth/.rvm/gems/ruby-2.1.0/specifications/builder-3.2.2.gemspec
I, [2014-10-27T23:48:46.215859 #3239]  INFO -- : 0:  colorize (0.7.3) from /home/patty_rosembluth/.rvm/gems/ruby-2.1.0/specifications/colorize-0.7.3.gemspec
I, [2014-10-27T23:48:46.216126 #3239]  INFO -- : 0:  diff-lcs (1.2.5) from /home/patty_rosembluth/.rvm/gems/ruby-2.1.0/specifications/diff-lcs-1.2.5.gemspec
I, [2014-10-27T23:48:46.216379 #3239]  INFO -- : 0:  multi_json (1.10.1) from /home/patty_rosembluth/.rvm/gems/ruby-2.1.0/specifications/multi_json-1.10.1.gemspec
I, [2014-10-27T23:48:46.216676 #3239]  INFO -- : 0:  gherkin (2.12.2) from /home/patty_rosembluth/.rvm/gems/ruby-2.1.0/specifications/gherkin-2.12.2.gemspec
I, [2014-10-27T23:48:46.216928 #3239]  INFO -- : 0:  multi_test (0.1.1) from /home/patty_rosembluth/.rvm/gems/ruby-2.1.0/specifications/multi_test-0.1.1.gemspec
I, [2014-10-27T23:48:46.217169 #3239]  INFO -- : 0:  cucumber (1.3.17) from /home/patty_rosembluth/.rvm/gems/ruby-2.1.0/specifications/cucumber-1.3.17.gemspec
I, [2014-10-27T23:48:46.217411 #3239]  INFO -- : 0:  docile (1.1.5) from /home/patty_rosembluth/.rvm/gems/ruby-2.1.0/specifications/docile-1.1.5.gemspec
I, [2014-10-27T23:48:46.217644 #3239]  INFO -- : 0:  hirb (0.7.2) from /home/patty_rosembluth/.rvm/gems/ruby-2.1.0/specifications/hirb-0.7.2.gemspec
I, [2014-10-27T23:48:46.217890 #3239]  INFO -- : 0:  mini_portile (0.6.0) from /home/patty_rosembluth/.rvm/gems/ruby-2.1.0/specifications/mini_portile-0.6.0.gemspec
I, [2014-10-27T23:48:46.218127 #3239]  INFO -- : 0:  nokogiri (1.6.3.1) from /home/patty_rosembluth/.rvm/gems/ruby-2.1.0/specifications/nokogiri-1.6.3.1.gemspec
I, [2014-10-27T23:48:46.218365 #3239]  INFO -- : 0:  rack (1.5.2) from /home/patty_rosembluth/.rvm/gems/ruby-2.1.0/specifications/rack-1.5.2.gemspec
I, [2014-10-27T23:48:46.218599 #3239]  INFO -- : 0:  rack-protection (1.5.3) from /home/patty_rosembluth/.rvm/gems/ruby-2.1.0/specifications/rack-protection-1.5.3.gemspec
I, [2014-10-27T23:48:46.218844 #3239]  INFO -- : 0:  rack-test (0.6.2) from /home/patty_rosembluth/.rvm/gems/ruby-2.1.0/specifications/rack-test-0.6.2.gemspec
I, [2014-10-27T23:48:46.219107 #3239]  INFO -- : 0:  rspec-support (3.1.1) from /home/patty_rosembluth/.rvm/gems/ruby-2.1.0/specifications/rspec-support-3.1.1.gemspec
I, [2014-10-27T23:48:46.219356 #3239]  INFO -- : 0:  rspec-core (3.1.5) from /home/patty_rosembluth/.rvm/gems/ruby-2.1.0/specifications/rspec-core-3.1.5.gemspec
I, [2014-10-27T23:48:46.219608 #3239]  INFO -- : 0:  rspec-expectations (3.1.2) from /home/patty_rosembluth/.rvm/gems/ruby-2.1.0/specifications/rspec-expectations-3.1.2.gemspec
I, [2014-10-27T23:48:46.219851 #3239]  INFO -- : 0:  rspec-mocks (3.1.2) from /home/patty_rosembluth/.rvm/gems/ruby-2.1.0/specifications/rspec-mocks-3.1.2.gemspec
I, [2014-10-27T23:48:46.220090 #3239]  INFO -- : 0:  rspec (3.1.0) from /home/patty_rosembluth/.rvm/gems/ruby-2.1.0/specifications/rspec-3.1.0.gemspec
I, [2014-10-27T23:48:46.220330 #3239]  INFO -- : 0:  simplecov-html (0.8.0) from /home/patty_rosembluth/.rvm/gems/ruby-2.1.0/specifications/simplecov-html-0.8.0.gemspec
I, [2014-10-27T23:48:46.220586 #3239]  INFO -- : 0:  simplecov (0.9.1) from /home/patty_rosembluth/.rvm/gems/ruby-2.1.0/specifications/simplecov-0.9.1.gemspec
I, [2014-10-27T23:48:46.220820 #3239]  INFO -- : 0:  simplecov-console (0.2.0) from /home/patty_rosembluth/.rvm/gems/ruby-2.1.0/specifications/simplecov-console-0.2.0.gemspec
I, [2014-10-27T23:48:46.221046 #3239]  INFO -- : 0:  tilt (1.4.1) from /home/patty_rosembluth/.rvm/gems/ruby-2.1.0/specifications/tilt-1.4.1.gemspec
I, [2014-10-27T23:48:46.221279 #3239]  INFO -- : 0:  sinatra (1.4.5) from /home/patty_rosembluth/.rvm/gems/ruby-2.1.0/specifications/sinatra-1.4.5.gemspec
I, [2014-10-27T23:48:46.221529 #3239]  INFO -- : 0:  webrat (0.7.3) from /home/patty_rosembluth/.rvm/gems/ruby-2.1.0/specifications/webrat-0.7.3.gemspec
I, [2014-10-27T23:48:46.221757 #3239]  INFO -- : 0:  bundler (1.5.0) from /home/patty_rosembluth/.rvm/gems/ruby-2.1.0@global/specifications/bundler-1.5.0.gemspec
I, [2014-11-18T07:44:06.422520 #4823]  INFO -- : 0:  rake (10.3.2) from /home/patty_rosembluth/.rvm/gems/ruby-2.1.0/specifications/rake-10.3.2.gemspec
I, [2014-11-18T07:44:06.422980 #4823]  INFO -- : 0:  builder (3.2.2) from /home/patty_rosembluth/.rvm/gems/ruby-2.1.0/specifications/builder-3.2.2.gemspec
I, [2014-11-18T07:44:06.423267 #4823]  INFO -- : 0:  colorize (0.7.3) from /home/patty_rosembluth/.rvm/gems/ruby-2.1.0/specifications/colorize-0.7.3.gemspec
I, [2014-11-18T07:44:06.423555 #4823]  INFO -- : 0:  diff-lcs (1.2.5) from /home/patty_rosembluth/.rvm/gems/ruby-2.1.0/specifications/diff-lcs-1.2.5.gemspec
I, [2014-11-18T07:44:06.423846 #4823]  INFO -- : 0:  multi_json (1.10.1) from /home/patty_rosembluth/.rvm/gems/ruby-2.1.0/specifications/multi_json-1.10.1.gemspec
I, [2014-11-18T07:44:06.424119 #4823]  INFO -- : 0:  gherkin (2.12.2) from /home/patty_rosembluth/.rvm/gems/ruby-2.1.0/specifications/gherkin-2.12.2.gemspec
I, [2014-11-18T07:44:06.424399 #4823]  INFO -- : 0:  multi_test (0.1.1) from /home/patty_rosembluth/.rvm/gems/ruby-2.1.0/specifications/multi_test-0.1.1.gemspec
I, [2014-11-18T07:44:06.424673 #4823]  INFO -- : 0:  cucumber (1.3.17) from /home/patty_rosembluth/.rvm/gems/ruby-2.1.0/specifications/cucumber-1.3.17.gemspec
I, [2014-11-18T07:44:06.424939 #4823]  INFO -- : 0:  docile (1.1.5) from /home/patty_rosembluth/.rvm/gems/ruby-2.1.0/specifications/docile-1.1.5.gemspec
I, [2014-11-18T07:44:06.425231 #4823]  INFO -- : 0:  hirb (0.7.2) from /home/patty_rosembluth/.rvm/gems/ruby-2.1.0/specifications/hirb-0.7.2.gemspec
I, [2014-11-18T07:44:06.425496 #4823]  INFO -- : 0:  mini_portile (0.6.0) from /home/patty_rosembluth/.rvm/gems/ruby-2.1.0/specifications/mini_portile-0.6.0.gemspec
I, [2014-11-18T07:44:06.425751 #4823]  INFO -- : 0:  nokogiri (1.6.3.1) from /home/patty_rosembluth/.rvm/gems/ruby-2.1.0/specifications/nokogiri-1.6.3.1.gemspec
I, [2014-11-18T07:44:06.426046 #4823]  INFO -- : 0:  rack (1.5.2) from /home/patty_rosembluth/.rvm/gems/ruby-2.1.0/specifications/rack-1.5.2.gemspec
I, [2014-11-18T07:44:06.426317 #4823]  INFO -- : 0:  rack-protection (1.5.3) from /home/patty_rosembluth/.rvm/gems/ruby-2.1.0/specifications/rack-protection-1.5.3.gemspec
I, [2014-11-18T07:44:06.426574 #4823]  INFO -- : 0:  rack-test (0.6.2) from /home/patty_rosembluth/.rvm/gems/ruby-2.1.0/specifications/rack-test-0.6.2.gemspec
I, [2014-11-18T07:44:06.426865 #4823]  INFO -- : 0:  rspec-support (3.1.1) from /home/patty_rosembluth/.rvm/gems/ruby-2.1.0/specifications/rspec-support-3.1.1.gemspec
I, [2014-11-18T07:44:06.427141 #4823]  INFO -- : 0:  rspec-core (3.1.5) from /home/patty_rosembluth/.rvm/gems/ruby-2.1.0/specifications/rspec-core-3.1.5.gemspec
I, [2014-11-18T07:44:06.427414 #4823]  INFO -- : 0:  rspec-expectations (3.1.2) from /home/patty_rosembluth/.rvm/gems/ruby-2.1.0/specifications/rspec-expectations-3.1.2.gemspec
I, [2014-11-18T07:44:06.427687 #4823]  INFO -- : 0:  rspec-mocks (3.1.2) from /home/patty_rosembluth/.rvm/gems/ruby-2.1.0/specifications/rspec-mocks-3.1.2.gemspec
I, [2014-11-18T07:44:06.427958 #4823]  INFO -- : 0:  rspec (3.1.0) from /home/patty_rosembluth/.rvm/gems/ruby-2.1.0/specifications/rspec-3.1.0.gemspec
I, [2014-11-18T07:44:06.428223 #4823]  INFO -- : 0:  simplecov-html (0.8.0) from /home/patty_rosembluth/.rvm/gems/ruby-2.1.0/specifications/simplecov-html-0.8.0.gemspec
I, [2014-11-18T07:44:06.428490 #4823]  INFO -- : 0:  simplecov (0.9.1) from /home/patty_rosembluth/.rvm/gems/ruby-2.1.0/specifications/simplecov-0.9.1.gemspec
I, [2014-11-18T07:44:06.428757 #4823]  INFO -- : 0:  simplecov-console (0.2.0) from /home/patty_rosembluth/.rvm/gems/ruby-2.1.0/specifications/simplecov-console-0.2.0.gemspec
I, [2014-11-18T07:44:06.429038 #4823]  INFO -- : 0:  tilt (1.4.1) from /home/patty_rosembluth/.rvm/gems/ruby-2.1.0/specifications/tilt-1.4.1.gemspec
I, [2014-11-18T07:44:06.429307 #4823]  INFO -- : 0:  sinatra (1.4.5) from /home/patty_rosembluth/.rvm/gems/ruby-2.1.0/specifications/sinatra-1.4.5.gemspec
I, [2014-11-18T07:44:06.429583 #4823]  INFO -- : 0:  webrat (0.7.3) from /home/patty_rosembluth/.rvm/gems/ruby-2.1.0/specifications/webrat-0.7.3.gemspec
I, [2014-11-18T07:44:06.429842 #4823]  INFO -- : 0:  bundler (1.5.0) from /home/patty_rosembluth/.rvm/gems/ruby-2.1.0@global/specifications/bundler-1.5.0.gemspec
